<?xml version="1.0" encoding="UTF-8"?>
<testsuite xmlns:xsi="http://www.w3.org/2001/XMLSchema-instance" xsi:noNamespaceSchemaLocation="https://maven.apache.org/surefire/maven-surefire-plugin/xsd/surefire-test-report.xsd" name="com.logparser.ApplicationLogEntryTest" time="0.003" tests="9" errors="0" skipped="0" failures="0">
  <properties>
[...]
</properties>
  <testcase name="constructor_shouldHandleNullHost" classname="com.logparser.ApplicationLogEntryTest" time="0"/>
  <testcase name="constructor_shouldInitializeFieldsCorrectly" classname="com.logparser.ApplicationLogEntryTest" time="0"/>
  <testcase name="constructor_shouldHandleEmptyStringValues" classname="com.logparser.ApplicationLogEntryTest" time="0"/>
  <testcase name="constructor_shouldHandleNullInputGracefully" classname="com.logparser.ApplicationLogEntryTest" time="0"/>
  <testcase name="constructor_shouldHandleNullMessage" classname="com.logparser.ApplicationLogEntryTest" time="0"/>
  <testcase name="constructor_shouldHandleNullValues" classname="com.logparser.ApplicationLogEntryTest" time="0.001"/>
  <testcase name="constructor_shouldHandleNullLevel" classname="com.logparser.ApplicationLogEntryTest" time="0"/>
  <testcase name="toString_shouldReturnCorrectStringRepresentation" classname="com.logparser.ApplicationLogEntryTest" time="0.001"/>
  <testcase name="constructor_shouldHandleNullTimestamp" classname="com.logparser.ApplicationLogEntryTest" time="0.001"/>
</testsuite>